warn: `edition` field not set in `[package]` section for package `pragma_lib`
warning: unused manifest key: package.autolib
   Compiling snforge_scarb_plugin v0.35.0
warning: unused manifest key: package.autolib
    Finished `release` profile [optimized] target(s) in 0.15s
   Compiling lib(erc20) erc20 v0.1.0 (/Users/julio/projects/StarknetByExample/listings/applications/erc20/Scarb.toml)
   Compiling starknet-contract(erc20) erc20 v0.1.0 (/Users/julio/projects/StarknetByExample/listings/applications/erc20/Scarb.toml)
    Finished `dev` profile target(s) in 21 seconds
warn: `cairo_test` plugin not found
please add the following snippet to your Scarb.toml manifest:
```
[dev-dependencies]
cairo_test = "2.9.2"
```

warn: `edition` field not set in `[package]` section for package `pragma_lib`
warning: unused manifest key: package.autolib
   Compiling snforge_scarb_plugin v0.35.0
warning: unused manifest key: package.autolib
    Finished `release` profile [optimized] target(s) in 0.10s
   Compiling test(erc20_unittest) erc20 v0.1.0 (/Users/julio/projects/StarknetByExample/listings/applications/erc20/Scarb.toml)
